[18/09/2017 00:03] peyrin (281209070419968014) set a reminder.
[18/09/2017 00:08] peyrin (281209070419968014) set a reminder.
[18/09/2017 00:08] peyrin (281209070419968014) set a reminder.
[18/09/2017 00:12] peyrin (281209070419968014) set a reminder.
[18/09/2017 00:15] peyrin (281209070419968014) set a reminder.
[18/09/2017 00:38] peyrin (281209070419968014) set a reminder.
[18/09/2017 00:43] peyrin (281209070419968014) set a reminder.
[18/09/2017 00:57] peyrin (281209070419968014) set a reminder.
[18/09/2017 00:58] peyrin (281209070419968014) set a reminder.
[18/09/2017 00:58] peyrin (281209070419968014) set a reminder.
[18/09/2017 00:59] peyrin (281209070419968014) set a reminder.
[18/09/2017 01:00] peyrin (281209070419968014) set a reminder.
[18/09/2017 01:00] peyrin (281209070419968014) set a reminder.
[18/09/2017 02:25] peyrin (281209070419968014) set a reminder.
[18/09/2017 02:25] tormented (254037619346767872) set a reminder.
[18/09/2017 02:27] peyrin (281209070419968014) set a reminder.
[18/09/2017 02:32] peyrin (281209070419968014) set a reminder.
[18/09/2017 19:34] Andre (350058699815124992) set a reminder.
[20/09/2017 15:33] peyrin (281209070419968014) set a reminder.
[20/09/2017 15:33] peyrin (281209070419968014) set a reminder.
[22/09/2017 22:27] tormented (254037619346767872) set a reminder.
[22/09/2017 22:28] tormented (254037619346767872) set a reminder.
[25/09/2017 05:45] Andre (350058699815124992) set a reminder.
[27/09/2017 22:33] peyrin (281209070419968014) set a reminder.
[29/09/2017 22:29] tormented (254037619346767872) set a reminder.
[04/10/2017 22:35] peyrin (281209070419968014) set a reminder.
[06/10/2017 22:28] tormented (254037619346767872) set a reminder.
[11/10/2017 22:35] peyrin (281209070419968014) set a reminder.
[13/10/2017 22:30] peyrin (281209070419968014) set a reminder.
[13/10/2017 22:31] tormented (254037619346767872) set a reminder.
[18/10/2017 22:35] peyrin (281209070419968014) set a reminder.
[21/10/2017 22:30] peyrin (281209070419968014) set a reminder.
[25/10/2017 22:38] peyrin (281209070419968014) set a reminder.
[01/11/2017 22:40] peyrin (281209070419968014) set a reminder.
[02/11/2017 02:49] tormented (254037619346767872) set a reminder.
[08/11/2017 22:41] peyrin (281209070419968014) set a reminder.
[10/11/2017 02:58] peyrin (281209070419968014) set a reminder.
[10/11/2017 02:59] peyrin (281209070419968014) set a reminder.
[15/11/2017 23:41] peyrin (281209070419968014) set a reminder.
[22/11/2017 23:42] tormented (254037619346767872) set a reminder.
[27/11/2017 05:56] peyrin (281209070419968014) set a reminder.
[29/11/2017 23:46] peyrin (281209070419968014) set a reminder.
[06/12/2017 23:47] peyrin (281209070419968014) set a reminder.
[06/12/2017 23:48] peyrin (281209070419968014) set a reminder.
[09/12/2017 03:43] OldSchoolerMicRuler (254778046014423040) set a reminder.
[20/12/2017 23:49] peyrin (281209070419968014) set a reminder.
[20/12/2017 23:50] kat (208396640812269568) set a reminder.
[27/12/2017 23:52] peyrin (281209070419968014) set a reminder.
[03/01/2018 23:53] peyrin (281209070419968014) set a reminder.
[10/01/2018 23:54] peyrin (281209070419968014) set a reminder.
